\BOOKMARK [1][-]{section.1}{\376\377\000I\000n\000t\000r\000o\000d\000u\000c\000t\000i\000o\000n}{}% 1
\BOOKMARK [1][-]{section.2}{\376\377\000E\000x\000p\000l\000o\000r\000a\000t\000o\000r\000y\000\040\000D\000a\000t\000a\000\040\000A\000n\000a\000l\000y\000s\000i\000s\000\040\000\050\000E\000D\000A\000\051}{}% 2
\BOOKMARK [2][-]{subsection.2.1}{\376\377\000A\000u\000t\000o\000\040\000M\000P\000G\000\040\000D\000a\000t\000a\000s\000e\000t}{section.2}% 3
\BOOKMARK [3][-]{subsubsection.2.1.1}{\376\377\000I\000n\000t\000r\000o\000d\000u\000c\000t\000i\000o\000n}{subsection.2.1}% 4
\BOOKMARK [3][-]{subsubsection.2.1.2}{\376\377\000D\000a\000t\000a\000\040\000P\000r\000e\000p\000r\000o\000c\000e\000s\000s\000i\000n\000g}{subsection.2.1}% 5
\BOOKMARK [3][-]{subsubsection.2.1.3}{\376\377\000D\000a\000t\000a\000s\000e\000t\000\040\000D\000i\000m\000e\000n\000s\000i\000o\000n\000s}{subsection.2.1}% 6
\BOOKMARK [3][-]{subsubsection.2.1.4}{\376\377\000C\000o\000l\000u\000m\000n\000\040\000N\000a\000m\000e\000s}{subsection.2.1}% 7
\BOOKMARK [3][-]{subsubsection.2.1.5}{\376\377\000N\000u\000m\000e\000r\000i\000c\000a\000l\000\040\000D\000i\000s\000t\000r\000i\000b\000u\000t\000i\000o\000n}{subsection.2.1}% 8
\BOOKMARK [3][-]{subsubsection.2.1.6}{\376\377\000M\000i\000s\000s\000i\000n\000g\000\040\000V\000a\000l\000u\000e\000\040\000A\000n\000a\000l\000y\000s\000i\000s}{subsection.2.1}% 9
\BOOKMARK [3][-]{subsubsection.2.1.7}{\376\377\000H\000e\000a\000t\000\040\000M\000a\000p}{subsection.2.1}% 10
\BOOKMARK [3][-]{subsubsection.2.1.8}{\376\377\000C\000o\000r\000r\000e\000l\000a\000t\000i\000o\000n\000\040\000A\000n\000a\000l\000y\000s\000i\000s}{subsection.2.1}% 11
\BOOKMARK [3][-]{subsubsection.2.1.9}{\376\377\000B\000o\000x\000\040\000P\000l\000o\000t\000s}{subsection.2.1}% 12
\BOOKMARK [3][-]{subsubsection.2.1.10}{\376\377\000C\000o\000u\000n\000t\000\040\000P\000l\000o\000t\000s}{subsection.2.1}% 13
\BOOKMARK [3][-]{subsubsection.2.1.11}{\376\377\000S\000c\000a\000t\000t\000e\000r\000\040\000P\000l\000o\000t\000\040\000O\000b\000s\000e\000r\000v\000a\000t\000i\000o\000n\000s}{subsection.2.1}% 14
\BOOKMARK [2][-]{subsection.2.2}{\376\377\000H\000o\000u\000s\000e\000\040\000P\000r\000i\000c\000e\000\040\000R\000e\000g\000r\000e\000s\000s\000i\000o\000n\000\040\000D\000a\000t\000a\000s\000e\000t}{section.2}% 15
\BOOKMARK [3][-]{subsubsection.2.2.1}{\376\377\000I\000n\000t\000r\000o\000d\000u\000c\000t\000i\000o\000n}{subsection.2.2}% 16
\BOOKMARK [3][-]{subsubsection.2.2.2}{\376\377\000D\000a\000t\000a\000s\000e\000t\000\040\000D\000i\000m\000e\000n\000s\000i\000o\000n\000s}{subsection.2.2}% 17
\BOOKMARK [3][-]{subsubsection.2.2.3}{\376\377\000D\000a\000t\000a\000\040\000T\000y\000p\000e\000s}{subsection.2.2}% 18
\BOOKMARK [3][-]{subsubsection.2.2.4}{\376\377\000M\000i\000s\000s\000i\000n\000g\000\040\000V\000a\000l\000u\000e\000\040\000A\000n\000a\000l\000y\000s\000i\000s}{subsection.2.2}% 19
\BOOKMARK [3][-]{subsubsection.2.2.5}{\376\377\000H\000e\000a\000t\000\040\000M\000a\000p}{subsection.2.2}% 20
\BOOKMARK [3][-]{subsubsection.2.2.6}{\376\377\000D\000i\000s\000t\000r\000i\000b\000u\000t\000i\000o\000n\000\040\000A\000n\000a\000l\000y\000s\000i\000s\000\040\000o\000f\000\040\000C\000o\000n\000t\000i\000n\000u\000o\000u\000s\000\040\000V\000a\000r\000i\000a\000b\000l\000e\000s}{subsection.2.2}% 21
\BOOKMARK [3][-]{subsubsection.2.2.7}{\376\377\000D\000i\000s\000t\000r\000i\000b\000u\000t\000i\000o\000n\000\040\000A\000n\000a\000l\000y\000s\000i\000s\000\040\000o\000f\000\040\000D\000i\000s\000c\000r\000e\000t\000e\000\040\000V\000a\000r\000i\000a\000b\000l\000e\000s}{subsection.2.2}% 22
\BOOKMARK [3][-]{subsubsection.2.2.8}{\376\377\000B\000i\000v\000a\000r\000i\000a\000t\000e\000\040\000A\000n\000a\000l\000y\000s\000i\000s\000:\000\040\000F\000e\000a\000t\000u\000r\000e\000s\000\040\000v\000s\000\040\000H\000o\000u\000s\000e\000\040\000P\000r\000i\000c\000e}{subsection.2.2}% 23
\BOOKMARK [2][-]{subsection.2.3}{\376\377\000M\000e\000d\000i\000c\000a\000l\000\040\000C\000o\000s\000t\000\040\000P\000e\000r\000s\000o\000n\000a\000l\000\040\000D\000a\000t\000a\000s\000e\000t}{section.2}% 24
\BOOKMARK [3][-]{subsubsection.2.3.1}{\376\377\000I\000n\000t\000r\000o\000d\000u\000c\000t\000i\000o\000n}{subsection.2.3}% 25
\BOOKMARK [3][-]{subsubsection.2.3.2}{\376\377\000D\000a\000t\000a\000s\000e\000t\000\040\000O\000v\000e\000r\000v\000i\000e\000w}{subsection.2.3}% 26
\BOOKMARK [3][-]{subsubsection.2.3.3}{\376\377\000D\000a\000t\000a\000s\000e\000t\000\040\000D\000i\000m\000e\000n\000s\000i\000o\000n\000s}{subsection.2.3}% 27
\BOOKMARK [3][-]{subsubsection.2.3.4}{\376\377\000D\000a\000t\000a\000\040\000T\000y\000p\000e\000s}{subsection.2.3}% 28
\BOOKMARK [3][-]{subsubsection.2.3.5}{\376\377\000N\000u\000m\000e\000r\000i\000c\000a\000l\000\040\000D\000i\000s\000t\000r\000i\000b\000u\000t\000i\000o\000n}{subsection.2.3}% 29
\BOOKMARK [3][-]{subsubsection.2.3.6}{\376\377\000M\000i\000s\000s\000i\000n\000g\000\040\000V\000a\000l\000u\000e\000\040\000A\000n\000a\000l\000y\000s\000i\000s}{subsection.2.3}% 30
\BOOKMARK [3][-]{subsubsection.2.3.7}{\376\377\000H\000i\000s\000t\000o\000g\000r\000a\000m\000\040\000o\000f\000\040\000C\000o\000n\000t\000i\000n\000u\000o\000u\000s\000\040\000V\000a\000r\000i\000a\000b\000l\000e\000s}{subsection.2.3}% 31
\BOOKMARK [3][-]{subsubsection.2.3.8}{\376\377\000B\000o\000x\000p\000l\000o\000t\000s\000\040\000\050\000O\000u\000t\000l\000i\000e\000r\000s\000\051}{subsection.2.3}% 32
\BOOKMARK [3][-]{subsubsection.2.3.9}{\376\377\000C\000o\000u\000n\000t\000p\000l\000o\000t\000s\000\040\000\050\000C\000a\000t\000e\000g\000o\000r\000i\000c\000a\000l\000\040\000V\000a\000r\000i\000a\000b\000l\000e\000s\000\051}{subsection.2.3}% 33
\BOOKMARK [3][-]{subsubsection.2.3.10}{\376\377\000C\000h\000i\000l\000d\000r\000e\000n\000\040\000D\000i\000s\000t\000r\000i\000b\000u\000t\000i\000o\000n}{subsection.2.3}% 34
\BOOKMARK [3][-]{subsubsection.2.3.11}{\376\377\000S\000c\000a\000t\000t\000e\000r\000p\000l\000o\000t\000s\000\040\000\050\000C\000o\000n\000t\000i\000n\000u\000o\000u\000s\000\040\000v\000s\000\040\000C\000h\000a\000r\000g\000e\000s\000\051}{subsection.2.3}% 35
\BOOKMARK [3][-]{subsubsection.2.3.12}{\376\377\000C\000a\000t\000e\000g\000o\000r\000i\000c\000a\000l\000\040\000v\000s\000\040\000C\000h\000a\000r\000g\000e\000s\000\040\000\050\000B\000o\000x\000p\000l\000o\000t\000s\000\051}{subsection.2.3}% 36
\BOOKMARK [3][-]{subsubsection.2.3.13}{\376\377\000H\000e\000a\000t\000m\000a\000p}{subsection.2.3}% 37
\BOOKMARK [1][-]{section.3}{\376\377\000L\000i\000n\000e\000a\000r\000\040\000R\000e\000g\000r\000e\000s\000s\000i\000o\000n}{}% 38
\BOOKMARK [2][-]{subsection.3.1}{\376\377\000A\000u\000t\000o\000\040\000M\000P\000G}{section.3}% 39
\BOOKMARK [2][-]{subsection.3.2}{\376\377\000H\000o\000u\000s\000e\000\040\000P\000r\000i\000c\000e\000s}{section.3}% 40
\BOOKMARK [2][-]{subsection.3.3}{\376\377\000I\000n\000s\000u\000r\000a\000n\000c\000e\000\040\000C\000h\000a\000r\000g\000e\000s}{section.3}% 41
\BOOKMARK [1][-]{section.4}{\376\377\000R\000e\000g\000u\000l\000a\000r\000i\000z\000e\000d\000\040\000R\000e\000g\000r\000e\000s\000s\000i\000o\000n}{}% 42
\BOOKMARK [2][-]{subsection.4.1}{\376\377\000A\000u\000t\000o\000\040\000M\000P\000G}{section.4}% 43
\BOOKMARK [2][-]{subsection.4.2}{\376\377\000H\000o\000u\000s\000e\000\040\000P\000r\000i\000c\000e\000s}{section.4}% 44
\BOOKMARK [2][-]{subsection.4.3}{\376\377\000I\000n\000s\000u\000r\000a\000n\000c\000e\000\040\000C\000h\000a\000r\000g\000e\000s}{section.4}% 45
\BOOKMARK [1][-]{section.5}{\376\377\000T\000r\000a\000n\000s\000f\000o\000r\000m\000e\000d\000\040\000R\000e\000g\000r\000e\000s\000s\000i\000o\000n\000:\000\040\000S\000q\000r\000t\000,\000\040\000L\000o\000g\0001\000p\000,\000\040\000B\000o\000x\000-\000C\000o\000x}{}% 46
\BOOKMARK [1][-]{section.6}{\376\377\000C\000o\000m\000p\000a\000r\000i\000n\000g\000\040\000D\000i\000f\000f\000e\000r\000e\000n\000t\000\040\000M\000o\000d\000e\000l\000s\000\040\000o\000n\000\040\000t\000h\000e\000\040\000S\000a\000m\000e\000\040\000D\000a\000t\000a\000\040\000S\000e\000t}{}% 47
\BOOKMARK [2][-]{subsection.6.1}{\376\377\000A\000u\000t\000o\000\040\000M\000P\000G}{section.6}% 48
\BOOKMARK [2][-]{subsection.6.2}{\376\377\000H\000o\000u\000s\000e\000\040\000P\000r\000i\000c\000e\000s}{section.6}% 49
\BOOKMARK [2][-]{subsection.6.3}{\376\377\000I\000n\000s\000u\000r\000a\000n\000c\000e\000\040\000C\000h\000a\000r\000g\000e\000s}{section.6}% 50
\BOOKMARK [2][-]{subsection.6.4}{\376\377\000S\000u\000m\000m\000a\000r\000y}{section.6}% 51
