2026.02.13 14:06:00 INFO  Started: Metals version 1.6.5 in folders '/Users/gabriel/Library/Mobile Documents/com~apple~CloudDocs/CSCI-6360-Project-I' for client Visual Studio Code 1.109.3.
2026.02.13 14:06:00 INFO  Memory monitor started
2026.02.13 14:06:00 WARN  Using H2 2.4.240 which is newer than the version Flyway has been verified with. The latest verified version of H2 is 2.3.232.
2026.02.13 14:06:01 INFO  no build target found for /Users/gabriel/Library/Mobile Documents/com~apple~CloudDocs/CSCI-6360-Project-I/Linear_Regression_and_LaTex_Table.scala. Using presentation compiler with project's scala-library version: 3.3.7
2026.02.13 14:06:05 INFO  no build target found for /Users/gabriel/Library/Mobile Documents/com~apple~CloudDocs/CSCI-6360-Project-I/Linear_Regression_and_LaTex_Table.scala. Using presentation compiler with project's scala-library version: 3.3.7
2026.02.13 14:06:08 INFO  Running List(/usr/local/bin/scala-cli, setup-ide, /Users/gabriel/Library/Mobile Documents/com~apple~CloudDocs/CSCI-6360-Project-I)
2026.02.13 14:06:08 INFO  Attempting to connect to the build server...
2026.02.13 14:06:08 INFO  Running BSP server List(/usr/local/bin/scala-cli, bsp, --json-options, /Users/gabriel/Library/Mobile Documents/com~apple~CloudDocs/CSCI-6360-Project-I/.scala-build/ide-options-v2.json, --json-launcher-options, /Users/gabriel/Library/Mobile Documents/com~apple~CloudDocs/CSCI-6360-Project-I/.scala-build/ide-launcher-options.json, --envs-file, /Users/gabriel/Library/Mobile Documents/com~apple~CloudDocs/CSCI-6360-Project-I/.scala-build/ide-envs.json, /Users/gabriel/Library/Mobile Documents/com~apple~CloudDocs/CSCI-6360-Project-I)
2026.02.13 14:06:08 INFO  tracing is disabled for protocol BSP, to enable tracing of incoming and outgoing JSON messages create an empty file at /Users/gabriel/Library/Mobile Documents/com~apple~CloudDocs/CSCI-6360-Project-I/.metals/bsp.trace.json or /Users/gabriel/Library/Caches/org.scalameta.metals/bsp.trace.json
2026.02.13 14:06:08 INFO  no build target found for /Users/gabriel/Library/Mobile Documents/com~apple~CloudDocs/CSCI-6360-Project-I/Linear_Regression_and_LaTex_Table.scala. Using presentation compiler with project's scala-library version: 3.3.7
2026.02.13 14:06:09 INFO  time: Connected to build server in 1.2s
2026.02.13 14:06:09 INFO  Connected to Build server: scala-cli v1.12.0
2026.02.13 14:06:09 INFO  compiling csci-6360-project-i_d5c0a6989e (3 scala sources)
2026.02.13 14:06:12 INFO  time: compiled CSCI-6360-Project-I_d5c0a6989e in 3.22s
2026.02.13 14:06:12 INFO  compiling csci-6360-project-i_d5c0a6989e (3 scala sources)
2026.02.13 14:06:13 WARN  Using H2 2.4.240 which is newer than the version Flyway has been verified with. The latest verified version of H2 is 2.3.232.
2026.02.13 14:06:15 INFO  time: compiled CSCI-6360-Project-I_d5c0a6989e in 2.26s
2026.02.13 14:06:16 INFO  time: indexed workspace in 6.56s
2026.02.13 14:06:16 INFO  compiling csci-6360-project-i_d5c0a6989e (3 scala sources)
2026.02.13 14:06:18 INFO  time: compiled CSCI-6360-Project-I_d5c0a6989e in 1.62s
Feb 13, 2026 2:06:26 PM org.eclipse.lsp4j.jsonrpc.services.GenericEndpoint notify
INFO: Unsupported notification method: $/setTrace
